<?xml version="1.0" encoding="UTF-8" ?>
<testsuite tests="26" failures="0" name="cucumber.Options.TestRunner" time="0.002" errors="0" skipped="0">
  <properties>
    <property name="java.runtime.name" value="Java(TM) SE Runtime Environment"/>
    <property name="sun.boot.library.path" value="C:\Program Files\Java\jdk1.8.0_201\jre\bin"/>
    <property name="java.vm.version" value="25.201-b09"/>
    <property name="java.vm.vendor" value="Oracle Corporation"/>
    <property name="maven.multiModuleProjectDirectory" value="D:\Trainings\APITesting_RahulShetty\APIFramework"/>
    <property name="java.vendor.url" value="http://java.oracle.com/"/>
    <property name="path.separator" value=";"/>
    <property name="guice.disable.misplaced.annotation.check" value="true"/>
    <property name="java.vm.name" value="Java HotSpot(TM) 64-Bit Server VM"/>
    <property name="file.encoding.pkg" value="sun.io"/>
    <property name="user.script" value=""/>
    <property name="user.country" value="IN"/>
    <property name="sun.java.launcher" value="SUN_STANDARD"/>
    <property name="sun.os.patch.level" value=""/>
    <property name="java.vm.specification.name" value="Java Virtual Machine Specification"/>
    <property name="user.dir" value="D:\Trainings\APITesting_RahulShetty\APIFramework"/>
    <property name="java.runtime.version" value="1.8.0_201-b09"/>
    <property name="java.awt.graphicsenv" value="sun.awt.Win32GraphicsEnvironment"/>
    <property name="java.endorsed.dirs" value="C:\Program Files\Java\jdk1.8.0_201\jre\lib\endorsed"/>
    <property name="os.arch" value="amd64"/>
    <property name="java.io.tmpdir" value="C:\Users\nages\AppData\Local\Temp\"/>
    <property name="line.separator" value="
"/>
    <property name="java.vm.specification.vendor" value="Oracle Corporation"/>
    <property name="user.variant" value=""/>
    <property name="os.name" value="Windows 10"/>
    <property name="classworlds.conf" value="C:\Program Files\Apache\apache-maven-3.6.0\bin\..\bin\m2.conf"/>
    <property name="sun.jnu.encoding" value="Cp1252"/>
    <property name="java.library.path" value="C:\Program Files\Java\jdk1.8.0_201\bin;C:\WINDOWS\Sun\Java\bin;C:\WINDOWS\system32;C:\WINDOWS;C:\Program Files\Java\jdk1.8.0_201/bin;C:\ProgramData\DockerDesktop\version-bin;C:\Program Files\Docker\Docker\Resources\bin;C:\Program Files (x86)\Common Files\Oracle\Java\javapath;C:\Program Files (x86)\Intel\Intel(R) Management Engine Components\iCLS\;C:\Program Files\Intel\Intel(R) Management Engine Components\iCLS\;C:\Windows\system32;C:\Windows;C:\Windows\System32\Wbem;C:\Windows\System32\WindowsPowerShell\v1.0\;C:\Windows\System32\OpenSSH\;C:\Program Files (x86)\Intel\Intel(R) Management Engine Components\DAL;C:\Program Files\Intel\Intel(R) Management Engine Components\DAL;C:\Program Files (x86)\Intel\Intel(R) Management Engine Components\IPT;C:\Program Files\Intel\Intel(R) Management Engine Components\IPT;C:\Program Files (x86)\NVIDIA Corporation\PhysX\Common;C:\Program Files\Intel\WiFi\bin\;C:\Program Files\Common Files\Intel\WirelessCommon\;C:\libs\;C:\Program Files\Apache\apache-maven-3.6.0\bin;C:\Program Files\Git\cmd;C:\Program Files\Java\jdk1.8.0_201\bin;C:\Program Files\Git\usr\bin;C:\strawberry\c\bin;C:\strawberry\perl\bin;C:\Program Files\dotnet\;C:\Program Files\Microsoft SQL Server\Client SDK\ODBC\130\Tools\Binn\;C:\Program Files (x86)\Microsoft SQL Server\140\Tools\Binn\;C:\Program Files\Microsoft SQL Server\140\Tools\Binn\;C:\Program Files\Microsoft SQL Server\140\DTS\Binn\;C:\Program Files\Microsoft SQL Server\130\Tools\Binn\;C:\Program Files\Microsoft SQL Server\Client SDK\ODBC\170\Tools\Binn\;C:\Program Files (x86)\Microsoft SQL Server\150\DTS\Binn\;C:\Program Files\nodejs\;C:\WINDOWS\system32;C:\WINDOWS;C:\WINDOWS\System32\Wbem;C:\WINDOWS\System32\WindowsPowerShell\v1.0\;C:\WINDOWS\System32\OpenSSH\;C:\Program Files\NVIDIA Corporation\NVIDIA NvDLISR;C:\Users\nages\AppData\Local\Android\Sdk\tools;C:\Users\nages\AppData\Local\Android\Sdk\tools\bin;C:\Users\nages\AppData\Local\Android\Sdk\platform-tools;C:\Users\nages\AppData\Local\Microsoft\WindowsApps;C:\Users\nages\AppData\Roaming\npm;C:\Users\nages\AppData\Local\Programs\Microsoft VS Code\bin;."/>
    <property name="maven.conf" value="C:\Program Files\Apache\apache-maven-3.6.0\bin\../conf"/>
    <property name="java.specification.name" value="Java Platform API Specification"/>
    <property name="java.class.version" value="52.0"/>
    <property name="sun.management.compiler" value="HotSpot 64-Bit Tiered Compilers"/>
    <property name="os.version" value="10.0"/>
    <property name="library.jansi.path" value="C:\Program Files\Apache\apache-maven-3.6.0\bin\..\lib\jansi-native"/>
    <property name="user.home" value="C:\Users\nages"/>
    <property name="user.timezone" value="Asia/Calcutta"/>
    <property name="java.awt.printerjob" value="sun.awt.windows.WPrinterJob"/>
    <property name="java.specification.version" value="1.8"/>
    <property name="file.encoding" value="Cp1252"/>
    <property name="user.name" value="nages"/>
    <property name="java.class.path" value="C:\Program Files\Apache\apache-maven-3.6.0\bin\..\boot\plexus-classworlds-2.5.2.jar"/>
    <property name="java.vm.specification.version" value="1.8"/>
    <property name="sun.arch.data.model" value="64"/>
    <property name="java.home" value="C:\Program Files\Java\jdk1.8.0_201\jre"/>
    <property name="sun.java.command" value="org.codehaus.plexus.classworlds.launcher.Launcher test verify"/>
    <property name="java.specification.vendor" value="Oracle Corporation"/>
    <property name="user.language" value="en"/>
    <property name="awt.toolkit" value="sun.awt.windows.WToolkit"/>
    <property name="java.vm.info" value="mixed mode"/>
    <property name="java.version" value="1.8.0_201"/>
    <property name="java.ext.dirs" value="C:\Program Files\Java\jdk1.8.0_201\jre\lib\ext;C:\WINDOWS\Sun\Java\lib\ext"/>
    <property name="sun.boot.class.path" value="C:\Program Files\Java\jdk1.8.0_201\jre\lib\resources.jar;C:\Program Files\Java\jdk1.8.0_201\jre\lib\rt.jar;C:\Program Files\Java\jdk1.8.0_201\jre\lib\sunrsasign.jar;C:\Program Files\Java\jdk1.8.0_201\jre\lib\jsse.jar;C:\Program Files\Java\jdk1.8.0_201\jre\lib\jce.jar;C:\Program Files\Java\jdk1.8.0_201\jre\lib\charsets.jar;C:\Program Files\Java\jdk1.8.0_201\jre\lib\jfr.jar;C:\Program Files\Java\jdk1.8.0_201\jre\classes"/>
    <property name="java.vendor" value="Oracle Corporation"/>
    <property name="maven.home" value="C:\Program Files\Apache\apache-maven-3.6.0\bin\.."/>
    <property name="file.separator" value="\"/>
    <property name="java.vendor.url.bug" value="http://bugreport.sun.com/bugreport/"/>
    <property name="sun.cpu.endian" value="little"/>
    <property name="sun.io.unicode.encoding" value="UnicodeLittle"/>
    <property name="sun.desktop" value="windows"/>
    <property name="sun.cpu.isalist" value="amd64"/>
  </properties>
  <testcase classname="| AHouse | English | World cross center |" name="Given Add Place Payload with &quot;AHouse&quot; &quot;English&quot; &quot;World cross center&quot;" time="0.002"/>
  <testcase classname="| AHouse | English | World cross center |" name="When User calls &quot;AddPlaceAPI&quot; with &quot;Post&quot; http request" time="0"/>
  <testcase classname="| AHouse | English | World cross center |" name="Then the API call is successful with Status code 200" time="0"/>
  <testcase classname="| AHouse | English | World cross center |" name="And &quot;status&quot; in response body is &quot;OK&quot;" time="0"/>
  <testcase classname="| AHouse | English | World cross center |" name="And &quot;scope&quot; in response body is &quot;APP&quot;" time="0"/>
  <testcase classname="| AHouse | English | World cross center |" name="And verify place_Id created maps to &quot;AHouse&quot; using &quot;getPlaceAPI&quot;" time="0"/>
  <testcase classname="| AHouse | English | World cross center |" name="| AHouse | English | World cross center |" time="0"/>
  <testcase classname="| Nagadhama | Kannada | Banashankari |" name="Given Add Place Payload with &quot;Nagadhama&quot; &quot;Kannada&quot; &quot;Banashankari&quot;" time="0"/>
  <testcase classname="| Nagadhama | Kannada | Banashankari |" name="When User calls &quot;AddPlaceAPI&quot; with &quot;Post&quot; http request" time="0"/>
  <testcase classname="| Nagadhama | Kannada | Banashankari |" name="Then the API call is successful with Status code 200" time="0"/>
  <testcase classname="| Nagadhama | Kannada | Banashankari |" name="And &quot;status&quot; in response body is &quot;OK&quot;" time="0"/>
  <testcase classname="| Nagadhama | Kannada | Banashankari |" name="And &quot;scope&quot; in response body is &quot;APP&quot;" time="0"/>
  <testcase classname="| Nagadhama | Kannada | Banashankari |" name="And verify place_Id created maps to &quot;Nagadhama&quot; using &quot;getPlaceAPI&quot;" time="0"/>
  <testcase classname="| Nagadhama | Kannada | Banashankari |" name="| Nagadhama | Kannada | Banashankari |" time="0"/>
  <testcase classname="| MariaHouse | French | Germany |" name="Given Add Place Payload with &quot;MariaHouse&quot; &quot;French&quot; &quot;Germany&quot;" time="0"/>
  <testcase classname="| MariaHouse | French | Germany |" name="When User calls &quot;AddPlaceAPI&quot; with &quot;Post&quot; http request" time="0"/>
  <testcase classname="| MariaHouse | French | Germany |" name="Then the API call is successful with Status code 200" time="0"/>
  <testcase classname="| MariaHouse | French | Germany |" name="And &quot;status&quot; in response body is &quot;OK&quot;" time="0"/>
  <testcase classname="| MariaHouse | French | Germany |" name="And &quot;scope&quot; in response body is &quot;APP&quot;" time="0"/>
  <testcase classname="| MariaHouse | French | Germany |" name="And verify place_Id created maps to &quot;MariaHouse&quot; using &quot;getPlaceAPI&quot;" time="0"/>
  <testcase classname="| MariaHouse | French | Germany |" name="| MariaHouse | French | Germany |" time="0"/>
  <testcase classname="Scenario: Verify if Delete Place functionality is working" name="Given DeletePlace Payload" time="0"/>
  <testcase classname="Scenario: Verify if Delete Place functionality is working" name="When User calls &quot;deletePlaceAPI&quot; with &quot;POST&quot; http request" time="0"/>
  <testcase classname="Scenario: Verify if Delete Place functionality is working" name="Then the API call is successful with Status code 200" time="0"/>
  <testcase classname="Scenario: Verify if Delete Place functionality is working" name="And &quot;status&quot; in response body is &quot;OK&quot;" time="0"/>
  <testcase classname="Scenario: Verify if Delete Place functionality is working" name="Scenario: Verify if Delete Place functionality is working" time="0"/>
</testsuite>